<?xml version="1.0" encoding="UTF-8"?>
<!-- Generated by org.testng.reporters.JUnitXMLReporter -->
<testsuite hostname="DESKTOP-CTGLSRQ" name="Default test" tests="4" failures="0" timestamp="17 Aug 2017 21:46:40 GMT" time="0.033" errors="0">
  <testcase name="testAgregar" time="0.007" classname="com.maverick.test.StudentTest"/>
  <testcase name="testEditar" time="0.0" classname="com.maverick.test.StudentTest"/>
  <testcase name="testEliminar" time="0.001" classname="com.maverick.test.StudentTest"/>
  <testcase name="testListar" time="0.001" classname="com.maverick.test.StudentTest"/>
</testsuite> <!-- Default test -->
